[2017-05-25T10:34:24,353][INFO ][o.e.n.Node               ] [] initializing ...
[2017-05-25T10:34:24,886][INFO ][o.e.e.NodeEnvironment    ] [Qj-9yTu] using [1] data paths, mounts [[/usr/share/elasticsearch/data (/dev/vda1)]], net usable_space [53.2gb], net total_space [62.7gb], spins? [possibly], types [ext4]
[2017-05-25T10:34:24,888][INFO ][o.e.e.NodeEnvironment    ] [Qj-9yTu] heap size [1.9gb], compressed ordinary object pointers [true]
[2017-05-25T10:34:24,891][INFO ][o.e.n.Node               ] node name [Qj-9yTu] derived from node ID [Qj-9yTuVRHe-YKk-A0pKlA]; set [node.name] to override
[2017-05-25T10:34:24,892][INFO ][o.e.n.Node               ] version[5.4.0], pid[1], build[780f8c4/2017-04-28T17:43:27.229Z], OS[Linux/4.9.27-moby/amd64], JVM[Oracle Corporation/OpenJDK 64-Bit Server VM/1.8.0_131/25.131-b11]
[2017-05-25T10:34:27,356][INFO ][o.e.p.PluginsService     ] [Qj-9yTu] loaded module [aggs-matrix-stats]
[2017-05-25T10:34:27,356][INFO ][o.e.p.PluginsService     ] [Qj-9yTu] loaded module [ingest-common]
[2017-05-25T10:34:27,357][INFO ][o.e.p.PluginsService     ] [Qj-9yTu] loaded module [lang-expression]
[2017-05-25T10:34:27,357][INFO ][o.e.p.PluginsService     ] [Qj-9yTu] loaded module [lang-groovy]
[2017-05-25T10:34:27,357][INFO ][o.e.p.PluginsService     ] [Qj-9yTu] loaded module [lang-mustache]
[2017-05-25T10:34:27,357][INFO ][o.e.p.PluginsService     ] [Qj-9yTu] loaded module [lang-painless]
[2017-05-25T10:34:27,358][INFO ][o.e.p.PluginsService     ] [Qj-9yTu] loaded module [percolator]
[2017-05-25T10:34:27,358][INFO ][o.e.p.PluginsService     ] [Qj-9yTu] loaded module [reindex]
[2017-05-25T10:34:27,358][INFO ][o.e.p.PluginsService     ] [Qj-9yTu] loaded module [transport-netty3]
[2017-05-25T10:34:27,359][INFO ][o.e.p.PluginsService     ] [Qj-9yTu] loaded module [transport-netty4]
[2017-05-25T10:34:27,361][INFO ][o.e.p.PluginsService     ] [Qj-9yTu] no plugins loaded
[2017-05-25T10:34:32,101][INFO ][o.e.d.DiscoveryModule    ] [Qj-9yTu] using discovery type [zen]
[2017-05-25T10:34:33,076][INFO ][o.e.n.Node               ] initialized
[2017-05-25T10:34:33,077][INFO ][o.e.n.Node               ] [Qj-9yTu] starting ...
[2017-05-25T10:34:33,459][INFO ][o.e.t.TransportService   ] [Qj-9yTu] publish_address {127.0.0.1:9300}, bound_addresses {[::1]:9300}, {127.0.0.1:9300}
[2017-05-25T10:34:36,665][INFO ][o.e.c.s.ClusterService   ] [Qj-9yTu] new_master {Qj-9yTu}{Qj-9yTuVRHe-YKk-A0pKlA}{KkDxtLIkQ1m4eGDGLLybeg}{127.0.0.1}{127.0.0.1:9300}, reason: zen-disco-elected-as-master ([0] nodes joined)
[2017-05-25T10:34:36,710][INFO ][o.e.h.n.Netty4HttpServerTransport] [Qj-9yTu] publish_address {172.17.0.2:9200}, bound_addresses {[::]:9200}
[2017-05-25T10:34:36,719][INFO ][o.e.n.Node               ] [Qj-9yTu] started
[2017-05-25T10:34:36,935][INFO ][o.e.g.GatewayService     ] [Qj-9yTu] recovered [0] indices into cluster_state
[2017-05-25T10:40:21,542][INFO ][o.e.c.m.MetaDataCreateIndexService] [Qj-9yTu] [packetbeat-2017.05.25] creating index, cause [auto(bulk api)], templates [packetbeat], shards [5]/[1], mappings [_default_]
[2017-05-25T10:40:22,871][INFO ][o.e.c.m.MetaDataMappingService] [Qj-9yTu] [packetbeat-2017.05.25/bVazbTAzT0qg9tmFAZVa8g] create_mapping [icmp]
[2017-05-25T10:40:23,915][INFO ][o.e.m.j.JvmGcMonitorService] [Qj-9yTu] [gc][young][350][5] duration [916ms], collections [1]/[1s], total [916ms]/[1.6s], memory [154.9mb]->[99mb]/[1.9gb], all_pools {[young] [122.5mb]->[3mb]/[133.1mb]}{[survivor] [16.6mb]->[12mb]/[16.6mb]}{[old] [15.7mb]->[84mb]/[1.8gb]}
[2017-05-25T10:40:23,916][WARN ][o.e.m.j.JvmGcMonitorService] [Qj-9yTu] [gc][350] overhead, spent [916ms] collecting in the last [1s]
[2017-05-25T10:40:30,457][INFO ][o.e.c.m.MetaDataMappingService] [Qj-9yTu] [packetbeat-2017.05.25/bVazbTAzT0qg9tmFAZVa8g] create_mapping [flow]
[2017-05-25T10:40:50,514][INFO ][o.e.c.m.MetaDataMappingService] [Qj-9yTu] [packetbeat-2017.05.25/bVazbTAzT0qg9tmFAZVa8g] create_mapping [dns]
[2017-05-25T10:41:09,409][INFO ][o.e.c.m.MetaDataMappingService] [Qj-9yTu] [packetbeat-2017.05.25/bVazbTAzT0qg9tmFAZVa8g] create_mapping [http]
[2017-05-25T10:41:32,520][WARN ][o.e.d.r.RestController   ] Content type detection for rest requests is deprecated. Specify the content type using the [Content-Type] header.
[2017-05-25T10:41:46,474][WARN ][o.e.d.r.RestController   ] Content type detection for rest requests is deprecated. Specify the content type using the [Content-Type] header.
[2017-05-25T10:41:47,777][WARN ][o.e.d.r.RestController   ] Content type detection for rest requests is deprecated. Specify the content type using the [Content-Type] header.
[2017-05-25T10:41:48,866][WARN ][o.e.d.r.RestController   ] Content type detection for rest requests is deprecated. Specify the content type using the [Content-Type] header.
[2017-05-25T10:41:52,026][WARN ][o.e.d.r.RestController   ] Content type detection for rest requests is deprecated. Specify the content type using the [Content-Type] header.
[2017-05-25T10:41:54,095][WARN ][o.e.d.r.RestController   ] Content type detection for rest requests is deprecated. Specify the content type using the [Content-Type] header.
[2017-05-25T10:45:28,382][INFO ][o.e.c.m.MetaDataMappingService] [Qj-9yTu] [packetbeat-2017.05.25/bVazbTAzT0qg9tmFAZVa8g] update_mapping [dns]
[2017-05-25T10:51:50,367][INFO ][o.e.n.Node               ] [Qj-9yTu] stopping ...
[2017-05-25T10:51:52,860][INFO ][o.e.n.Node               ] [Qj-9yTu] stopped
[2017-05-25T10:51:52,861][INFO ][o.e.n.Node               ] [Qj-9yTu] closing ...
[2017-05-25T10:51:52,892][INFO ][o.e.n.Node               ] [Qj-9yTu] closed
